2018-03-11 19:53:01.478  INFO 16533 --- [restartedMain] c.thelittlegym.mobile.MemberApplication  : Starting MemberApplication on tony-Satellite-L700 with PID 16533 (/home/tony/IdeaProjects/Member/target/classes started by tony in /home/tony/IdeaProjects/Member)
2018-03-11 19:53:01.499  INFO 16533 --- [restartedMain] c.thelittlegym.mobile.MemberApplication  : The following profiles are active: dev
2018-03-11 19:53:02.991  INFO 16533 --- [restartedMain] ationConfigEmbeddedWebApplicationContext : Refreshing org.springframework.boot.context.embedded.AnnotationConfigEmbeddedWebApplicationContext@12c11c92: startup date [Sun Mar 11 19:53:02 CST 2018]; root of context hierarchy
2018-03-11 19:53:07.970  INFO 16533 --- [restartedMain] f.a.AutowiredAnnotationBeanPostProcessor : JSR-330 'javax.inject.Inject' annotation found and supported for autowiring
2018-03-11 19:53:08.066  WARN 16533 --- [restartedMain] o.h.v.m.ParameterMessageInterpolator     : HV000184: ParameterMessageInterpolator has been chosen, EL interpolation will not be supported
2018-03-11 19:53:08.540  WARN 16533 --- [restartedMain] o.h.v.m.ParameterMessageInterpolator     : HV000184: ParameterMessageInterpolator has been chosen, EL interpolation will not be supported
2018-03-11 19:53:09.201  INFO 16533 --- [restartedMain] s.b.c.e.t.TomcatEmbeddedServletContainer : Tomcat initialized with port(s): 88 (http)
2018-03-11 19:53:09.244  INFO 16533 --- [restartedMain] o.apache.catalina.core.StandardService   : Starting service [Tomcat]
2018-03-11 19:53:09.254  INFO 16533 --- [restartedMain] org.apache.catalina.core.StandardEngine  : Starting Servlet Engine: Apache Tomcat/8.5.16
2018-03-11 19:53:09.559  INFO 16533 --- [localhost-startStop-1] o.a.c.c.C.[Tomcat].[localhost].[/]       : Initializing Spring embedded WebApplicationContext
2018-03-11 19:53:09.566  INFO 16533 --- [localhost-startStop-1] o.s.web.context.ContextLoader            : Root WebApplicationContext: initialization completed in 6575 ms
2018-03-11 19:53:09.937  INFO 16533 --- [localhost-startStop-1] o.s.b.w.servlet.ServletRegistrationBean  : Mapping servlet: 'dispatcherServlet' to [/]
2018-03-11 19:53:09.949  INFO 16533 --- [localhost-startStop-1] o.s.b.w.servlet.FilterRegistrationBean   : Mapping filter: 'characterEncodingFilter' to: [/*]
2018-03-11 19:53:09.951  INFO 16533 --- [localhost-startStop-1] o.s.b.w.servlet.FilterRegistrationBean   : Mapping filter: 'hiddenHttpMethodFilter' to: [/*]
2018-03-11 19:53:09.952  INFO 16533 --- [localhost-startStop-1] o.s.b.w.servlet.FilterRegistrationBean   : Mapping filter: 'httpPutFormContentFilter' to: [/*]
2018-03-11 19:53:09.953  INFO 16533 --- [localhost-startStop-1] o.s.b.w.servlet.FilterRegistrationBean   : Mapping filter: 'requestContextFilter' to: [/*]
2018-03-11 19:53:11.562  INFO 16533 --- [restartedMain] j.LocalContainerEntityManagerFactoryBean : Building JPA container EntityManagerFactory for persistence unit 'default'
2018-03-11 19:53:11.581  INFO 16533 --- [restartedMain] o.hibernate.jpa.internal.util.LogHelper  : HHH000204: Processing PersistenceUnitInfo [
	name: default
	...]
2018-03-11 19:53:11.710  INFO 16533 --- [restartedMain] org.hibernate.Version                    : HHH000412: Hibernate Core {5.0.12.Final}
2018-03-11 19:53:11.714  INFO 16533 --- [restartedMain] org.hibernate.cfg.Environment            : HHH000206: hibernate.properties not found
2018-03-11 19:53:11.719  INFO 16533 --- [restartedMain] org.hibernate.cfg.Environment            : HHH000021: Bytecode provider name : javassist
2018-03-11 19:53:12.092  INFO 16533 --- [restartedMain] o.hibernate.annotations.common.Version   : HCANN000001: Hibernate Commons Annotations {5.0.1.Final}
2018-03-11 19:53:12.326  INFO 16533 --- [restartedMain] org.hibernate.dialect.Dialect            : HHH000400: Using dialect: org.hibernate.dialect.MySQL5Dialect
2018-03-11 19:53:13.228  INFO 16533 --- [restartedMain] org.hibernate.tool.hbm2ddl.SchemaUpdate  : HHH000228: Running hbm2ddl schema update
2018-03-11 19:53:17.543  INFO 16533 --- [restartedMain] j.LocalContainerEntityManagerFactoryBean : Initialized JPA EntityManagerFactory for persistence unit 'default'
2018-03-11 19:53:18.770  INFO 16533 --- [restartedMain] o.h.h.i.QueryTranslatorFactoryInitiator  : HHH000397: Using ASTQueryTranslatorFactory
2018-03-11 19:53:19.556  INFO 16533 --- [restartedMain] s.w.s.m.m.a.RequestMappingHandlerAdapter : Looking for @ControllerAdvice: org.springframework.boot.context.embedded.AnnotationConfigEmbeddedWebApplicationContext@12c11c92: startup date [Sun Mar 11 19:53:02 CST 2018]; root of context hierarchy
2018-03-11 19:53:19.655  INFO 16533 --- [restartedMain] s.w.s.m.m.a.RequestMappingHandlerMapping : Mapped "{[/activity/getItems]}" onto public com.thelittlegym.mobile.entity.Result com.thelittlegym.mobile.controller.ActivityCtrl.getItems(java.lang.Integer,java.lang.Integer,java.lang.String)
2018-03-11 19:53:19.657  INFO 16533 --- [restartedMain] s.w.s.m.m.a.RequestMappingHandlerMapping : Mapped "{[/activity/view],methods=[POST]}" onto public com.thelittlegym.mobile.entity.Activity com.thelittlegym.mobile.controller.ActivityCtrl.activityView(java.lang.Integer) throws java.lang.Exception
2018-03-11 19:53:19.657  INFO 16533 --- [restartedMain] s.w.s.m.m.a.RequestMappingHandlerMapping : Mapped "{[/activity/getCandidate]}" onto public java.util.List<com.thelittlegym.mobile.entity.User> com.thelittlegym.mobile.controller.ActivityCtrl.getCandidate(java.lang.Integer,java.lang.String[]) throws java.lang.Exception
2018-03-11 19:53:19.658  INFO 16533 --- [restartedMain] s.w.s.m.m.a.RequestMappingHandlerMapping : Mapped "{[/activity/getPar]}" onto public java.util.List<com.thelittlegym.mobile.entity.Participator> com.thelittlegym.mobile.controller.ActivityCtrl.getPar(java.lang.Integer,java.lang.Integer) throws java.lang.Exception
2018-03-11 19:53:19.659  INFO 16533 --- [restartedMain] s.w.s.m.m.a.RequestMappingHandlerMapping : Mapped "{[/activity/delPar]}" onto public com.thelittlegym.mobile.entity.Result com.thelittlegym.mobile.controller.ActivityCtrl.delPar(java.lang.Integer) throws java.lang.Exception
2018-03-11 19:53:19.659  INFO 16533 --- [restartedMain] s.w.s.m.m.a.RequestMappingHandlerMapping : Mapped "{[/activity/enroll]}" onto public com.thelittlegym.mobile.entity.Result com.thelittlegym.mobile.controller.ActivityCtrl.enroll(com.thelittlegym.mobile.entity.User,java.lang.Integer) throws java.lang.Exception
2018-03-11 19:53:19.660  INFO 16533 --- [restartedMain] s.w.s.m.m.a.RequestMappingHandlerMapping : Mapped "{[/activity/updateCity],methods=[GET]}" onto public com.thelittlegym.mobile.entity.Result com.thelittlegym.mobile.controller.ActivityCtrl.saveUser(javax.servlet.http.HttpServletRequest,com.thelittlegym.mobile.entity.User,java.lang.String,java.lang.Integer) throws java.lang.Exception
2018-03-11 19:53:19.661  INFO 16533 --- [restartedMain] s.w.s.m.m.a.RequestMappingHandlerMapping : Mapped "{[/activity/getActEnroll],methods=[GET]}" onto public java.util.List<com.thelittlegym.mobile.entity.Activity> com.thelittlegym.mobile.controller.ActivityCtrl.getActEnroll(java.lang.Integer) throws java.lang.Exception
2018-03-11 19:53:19.662  INFO 16533 --- [restartedMain] s.w.s.m.m.a.RequestMappingHandlerMapping : Mapped "{[/activity/checkEnrol]}" onto public java.lang.Integer com.thelittlegym.mobile.controller.ActivityCtrl.checkEnrolStatus(java.lang.Integer,java.lang.Integer) throws java.lang.Exception
2018-03-11 19:53:19.663  INFO 16533 --- [restartedMain] s.w.s.m.m.a.RequestMappingHandlerMapping : Mapped "{[/activity/add],methods=[POST]}" onto public com.thelittlegym.mobile.entity.Result com.thelittlegym.mobile.controller.ActivityCtrl.add(com.thelittlegym.mobile.entity.User,java.lang.Integer,java.lang.String,java.lang.String,java.lang.String) throws java.lang.Exception
2018-03-11 19:53:19.683  INFO 16533 --- [restartedMain] s.w.s.m.m.a.RequestMappingHandlerMapping : Mapped "{[/admin/theme],methods=[GET]}" onto public java.lang.String com.thelittlegym.mobile.controller.AdminCtrl.getTheme(javax.servlet.http.HttpServletRequest,java.lang.Integer,java.lang.Integer,java.lang.String,org.springframework.ui.Model) throws java.lang.Exception
2018-03-11 19:53:19.684  INFO 16533 --- [restartedMain] s.w.s.m.m.a.RequestMappingHandlerMapping : Mapped "{[/admin/activityView],methods=[GET]}" onto public java.lang.String com.thelittlegym.mobile.controller.AdminCtrl.activityView(javax.servlet.http.HttpServletRequest,java.lang.Integer,java.lang.Integer,org.springframework.ui.Model) throws java.lang.Exception
2018-03-11 19:53:19.684  INFO 16533 --- [restartedMain] s.w.s.m.m.a.RequestMappingHandlerMapping : Mapped "{[/admin/login],methods=[GET]}" onto public java.lang.String com.thelittlegym.mobile.controller.AdminCtrl.adminToLogin(javax.servlet.http.HttpServletRequest) throws java.lang.Exception
2018-03-11 19:53:19.685  INFO 16533 --- [restartedMain] s.w.s.m.m.a.RequestMappingHandlerMapping : Mapped "{[/admin/getUsers],methods=[GET]}" onto public com.thelittlegym.mobile.entity.Result com.thelittlegym.mobile.controller.AdminCtrl.getUsers(java.lang.Integer,java.lang.Integer,java.lang.String) throws java.lang.Exception
2018-03-11 19:53:19.686  INFO 16533 --- [restartedMain] s.w.s.m.m.a.RequestMappingHandlerMapping : Mapped "{[/admin/getStats],methods=[GET]}" onto public com.thelittlegym.mobile.entity.Result com.thelittlegym.mobile.controller.AdminCtrl.getStats() throws java.lang.Exception
2018-03-11 19:53:19.686  INFO 16533 --- [restartedMain] s.w.s.m.m.a.RequestMappingHandlerMapping : Mapped "{[/admin/login],methods=[POST]}" onto public com.thelittlegym.mobile.entity.Result com.thelittlegym.mobile.controller.AdminCtrl.adminLogin(javax.servlet.http.HttpServletRequest,java.lang.String,java.lang.String) throws java.lang.Exception
2018-03-11 19:53:19.687  INFO 16533 --- [restartedMain] s.w.s.m.m.a.RequestMappingHandlerMapping : Mapped "{[/admin/theme],methods=[POST]}" onto public com.thelittlegym.mobile.entity.Result com.thelittlegym.mobile.controller.AdminCtrl.adminIndex(javax.servlet.http.HttpServletRequest) throws java.lang.Exception
2018-03-11 19:53:19.687  INFO 16533 --- [restartedMain] s.w.s.m.m.a.RequestMappingHandlerMapping : Mapped "{[/admin/activity],methods=[GET]}" onto public java.lang.String com.thelittlegym.mobile.controller.AdminCtrl.adminIndex(javax.servlet.http.HttpServletRequest,java.lang.Integer,java.lang.Integer,java.lang.String,org.springframework.ui.Model) throws java.lang.Exception
2018-03-11 19:53:19.688  INFO 16533 --- [restartedMain] s.w.s.m.m.a.RequestMappingHandlerMapping : Mapped "{[/admin/themeDel],methods=[GET]}" onto public com.thelittlegym.mobile.entity.Result com.thelittlegym.mobile.controller.AdminCtrl.themeDel(java.lang.Integer) throws java.lang.Exception
2018-03-11 19:53:19.688  INFO 16533 --- [restartedMain] s.w.s.m.m.a.RequestMappingHandlerMapping : Mapped "{[/admin/activitySave],methods=[GET]}" onto public java.lang.String com.thelittlegym.mobile.controller.AdminCtrl.activitySave(java.lang.Integer,java.lang.Integer,org.springframework.ui.Model) throws java.lang.Exception
2018-03-11 19:53:19.689  INFO 16533 --- [restartedMain] s.w.s.m.m.a.RequestMappingHandlerMapping : Mapped "{[/admin/activityHandle]}" onto public java.lang.String com.thelittlegym.mobile.controller.AdminCtrl.activityHandle(javax.servlet.http.HttpServletRequest,org.springframework.web.multipart.MultipartFile) throws java.lang.Exception
2018-03-11 19:53:19.690  INFO 16533 --- [restartedMain] s.w.s.m.m.a.RequestMappingHandlerMapping : Mapped "{[/admin/activityDel],methods=[GET]}" onto public com.thelittlegym.mobile.entity.Result com.thelittlegym.mobile.controller.AdminCtrl.activityDel(java.lang.Integer) throws java.lang.Exception
2018-03-11 19:53:19.691  INFO 16533 --- [restartedMain] s.w.s.m.m.a.RequestMappingHandlerMapping : Mapped "{[/admin/themeAdd],methods=[POST]}" onto public com.thelittlegym.mobile.entity.Result com.thelittlegym.mobile.controller.AdminCtrl.themeAdd(javax.servlet.http.HttpServletRequest) throws java.lang.Exception
2018-03-11 19:53:19.692  INFO 16533 --- [restartedMain] s.w.s.m.m.a.RequestMappingHandlerMapping : Mapped "{[/admin/setting],methods=[GET]}" onto public java.lang.String com.thelittlegym.mobile.controller.AdminCtrl.setting(javax.servlet.http.HttpServletRequest,org.springframework.ui.Model) throws java.lang.Exception
2018-03-11 19:53:19.692  INFO 16533 --- [restartedMain] s.w.s.m.m.a.RequestMappingHandlerMapping : Mapped "{[/admin/getSetting],methods=[GET]}" onto public com.thelittlegym.mobile.entity.Result com.thelittlegym.mobile.controller.AdminCtrl.getSetting(java.lang.String) throws java.lang.Exception
2018-03-11 19:53:19.693  INFO 16533 --- [restartedMain] s.w.s.m.m.a.RequestMappingHandlerMapping : Mapped "{[/admin/getWinners],methods=[GET]}" onto public com.thelittlegym.mobile.entity.Result com.thelittlegym.mobile.controller.AdminCtrl.getWinners(java.lang.String) throws java.lang.Exception
2018-03-11 19:53:19.693  INFO 16533 --- [restartedMain] s.w.s.m.m.a.RequestMappingHandlerMapping : Mapped "{[/admin/saveSetting],methods=[POST]}" onto public com.thelittlegym.mobile.entity.Result com.thelittlegym.mobile.controller.AdminCtrl.saveSetting(com.thelittlegym.mobile.entity.Setting) throws java.lang.Exception
2018-03-11 19:53:19.694  INFO 16533 --- [restartedMain] s.w.s.m.m.a.RequestMappingHandlerMapping : Mapped "{[/admin/feedback],methods=[GET]}" onto public java.lang.String com.thelittlegym.mobile.controller.AdminCtrl.feedback(javax.servlet.http.HttpServletRequest,java.lang.Integer,java.lang.Integer,java.lang.Integer,org.springframework.ui.Model) throws java.lang.Exception
2018-03-11 19:53:19.695  INFO 16533 --- [restartedMain] s.w.s.m.m.a.RequestMappingHandlerMapping : Mapped "{[/admin/feedback],methods=[POST]}" onto public com.thelittlegym.mobile.entity.Result com.thelittlegym.mobile.controller.AdminCtrl.feedbackView(javax.servlet.http.HttpServletRequest,java.lang.String) throws java.lang.Exception
2018-03-11 19:53:19.696  INFO 16533 --- [restartedMain] s.w.s.m.m.a.RequestMappingHandlerMapping : Mapped "{[/admin || /admin/index || /admin/pageLog],methods=[GET]}" onto public java.lang.String com.thelittlegym.mobile.controller.AdminCtrl.statView(javax.servlet.http.HttpServletRequest,java.lang.Integer,java.lang.String,java.lang.Integer,java.lang.String,java.lang.String,org.springframework.ui.Model) throws java.lang.Exception
2018-03-11 19:53:19.697  INFO 16533 --- [restartedMain] s.w.s.m.m.a.RequestMappingHandlerMapping : Mapped "{[/admin/pageLogGroup],methods=[GET]}" onto public java.lang.String com.thelittlegym.mobile.controller.AdminCtrl.statGroupView(javax.servlet.http.HttpServletRequest,java.lang.Integer,java.lang.String,java.lang.Integer,java.lang.String,java.lang.String,org.springframework.ui.Model) throws java.lang.Exception
2018-03-11 19:53:19.698  INFO 16533 --- [restartedMain] s.w.s.m.m.a.RequestMappingHandlerMapping : Mapped "{[/admin/pageLog],methods=[POST]}" onto public java.lang.String com.thelittlegym.mobile.controller.AdminCtrl.statData(javax.servlet.http.HttpServletRequest,java.lang.String) throws java.lang.Exception
2018-03-11 19:53:19.699  INFO 16533 --- [restartedMain] s.w.s.m.m.a.RequestMappingHandlerMapping : Mapped "{[/admin/enrollist],methods=[GET]}" onto public java.lang.String com.thelittlegym.mobile.controller.AdminCtrl.actUser(javax.servlet.http.HttpServletRequest,java.lang.Integer,java.lang.Integer,org.springframework.ui.Model) throws java.lang.Exception
2018-03-11 19:53:19.700  INFO 16533 --- [restartedMain] s.w.s.m.m.a.RequestMappingHandlerMapping : Mapped "{[/admin/sign],methods=[POST]}" onto public com.thelittlegym.mobile.entity.Result com.thelittlegym.mobile.controller.AdminCtrl.sign(javax.servlet.http.HttpServletRequest,java.lang.String) throws java.lang.Exception
2018-03-11 19:53:19.701  INFO 16533 --- [restartedMain] s.w.s.m.m.a.RequestMappingHandlerMapping : Mapped "{[/admin/exit],methods=[GET]}" onto public java.lang.String com.thelittlegym.mobile.controller.AdminCtrl.exit(javax.servlet.http.HttpServletRequest,java.lang.String) throws java.lang.Exception
2018-03-11 19:53:19.701  INFO 16533 --- [restartedMain] s.w.s.m.m.a.RequestMappingHandlerMapping : Mapped "{[/admin/member],methods=[POST]}" onto public com.thelittlegym.mobile.entity.Result com.thelittlegym.mobile.controller.AdminCtrl.member(javax.servlet.http.HttpServletRequest,java.lang.String)
2018-03-11 19:53:19.702  INFO 16533 --- [restartedMain] s.w.s.m.m.a.RequestMappingHandlerMapping : Mapped "{[/admin/userInfo],methods=[GET]}" onto public java.lang.String com.thelittlegym.mobile.controller.AdminCtrl.userInfo(javax.servlet.http.HttpServletRequest,org.springframework.ui.Model) throws java.lang.Exception
2018-03-11 19:53:19.706  INFO 16533 --- [restartedMain] s.w.s.m.m.a.RequestMappingHandlerMapping : Mapped "{[/coupon/use],methods=[POST]}" onto public com.thelittlegym.mobile.entity.Result com.thelittlegym.mobile.controller.CouponCtrl.useCoupon(javax.servlet.http.HttpServletRequest,com.thelittlegym.mobile.entity.User,java.lang.String,java.lang.String,java.lang.Integer) throws java.lang.Exception
2018-03-11 19:53:19.707  INFO 16533 --- [restartedMain] s.w.s.m.m.a.RequestMappingHandlerMapping : Mapped "{[/coupon],methods=[GET]}" onto public java.lang.String com.thelittlegym.mobile.controller.CouponCtrl.index(javax.servlet.http.HttpServletRequest,com.thelittlegym.mobile.entity.User,java.lang.Integer,org.springframework.ui.Model) throws java.lang.Exception
2018-03-11 19:53:19.709  INFO 16533 --- [restartedMain] s.w.s.m.m.a.RequestMappingHandlerMapping : Mapped "{[/exit],methods=[GET]}" onto public java.lang.String com.thelittlegym.mobile.controller.ExitCtrl.activities(javax.servlet.http.HttpServletRequest,org.springframework.ui.Model) throws java.lang.Exception
2018-03-11 19:53:19.710  INFO 16533 --- [restartedMain] s.w.s.m.m.a.RequestMappingHandlerMapping : Mapped "{[/httpclient]}" onto public java.lang.String com.thelittlegym.mobile.controller.HttpClientController.test() throws java.lang.Exception
2018-03-11 19:53:19.714  INFO 16533 --- [restartedMain] s.w.s.m.m.a.RequestMappingHandlerMapping : Mapped "{[/login/feedback],methods=[POST]}" onto public java.lang.String com.thelittlegym.mobile.controller.LoginCtrl.feedback(java.lang.String,java.lang.String,java.lang.String,java.lang.String,java.lang.String)
2018-03-11 19:53:19.715  INFO 16533 --- [restartedMain] s.w.s.m.m.a.RequestMappingHandlerMapping : Mapped "{[/login/login],methods=[POST]}" onto public com.thelittlegym.mobile.entity.Result com.thelittlegym.mobile.controller.LoginCtrl.login(javax.servlet.http.HttpServletRequest,java.lang.String,java.lang.String)
2018-03-11 19:53:19.716  INFO 16533 --- [restartedMain] s.w.s.m.m.a.RequestMappingHandlerMapping : Mapped "{[/login/updatePass],methods=[POST]}" onto public com.thelittlegym.mobile.entity.Result com.thelittlegym.mobile.controller.LoginCtrl.updatePass(javax.servlet.http.HttpServletRequest,java.lang.String,java.lang.String,java.lang.String)
2018-03-11 19:53:19.717  INFO 16533 --- [restartedMain] s.w.s.m.m.a.RequestMappingHandlerMapping : Mapped "{[/login/getUserPageListForSearch],methods=[POST]}" onto public com.thelittlegym.mobile.entity.Result com.thelittlegym.mobile.controller.LoginCtrl.getUserPageListForSearch(javax.servlet.http.HttpServletRequest,java.lang.Integer,java.lang.Integer,java.lang.String)
2018-03-11 19:53:19.718  INFO 16533 --- [restartedMain] s.w.s.m.m.a.RequestMappingHandlerMapping : Mapped "{[/login/validateNum],methods=[POST]}" onto public java.util.Map<java.lang.String, java.lang.Object> com.thelittlegym.mobile.controller.LoginCtrl.validateNum(javax.servlet.http.HttpServletRequest,java.lang.String)
2018-03-11 19:53:19.719  INFO 16533 --- [restartedMain] s.w.s.m.m.a.RequestMappingHandlerMapping : Mapped "{[/login/deleteOneUser],methods=[POST]}" onto public com.thelittlegym.mobile.entity.Result com.thelittlegym.mobile.controller.LoginCtrl.deleteOneUser(javax.servlet.http.HttpServletRequest,java.lang.Integer)
2018-03-11 19:53:19.719  INFO 16533 --- [restartedMain] s.w.s.m.m.a.RequestMappingHandlerMapping : Mapped "{[/login/exist],methods=[POST]}" onto public com.thelittlegym.mobile.entity.Result com.thelittlegym.mobile.controller.LoginCtrl.exist(java.lang.String)
2018-03-11 19:53:19.720  INFO 16533 --- [restartedMain] s.w.s.m.m.a.RequestMappingHandlerMapping : Mapped "{[/login/exist_reged],methods=[POST]}" onto public com.thelittlegym.mobile.entity.Result com.thelittlegym.mobile.controller.LoginCtrl.exist_reged(java.lang.String)
2018-03-11 19:53:19.721  INFO 16533 --- [restartedMain] s.w.s.m.m.a.RequestMappingHandlerMapping : Mapped "{[/login/getUserPageList],methods=[POST]}" onto public com.thelittlegym.mobile.entity.Result com.thelittlegym.mobile.controller.LoginCtrl.getUserPageList(javax.servlet.http.HttpServletRequest,java.lang.Integer,java.lang.Integer)
2018-03-11 19:53:19.722  INFO 16533 --- [restartedMain] s.w.s.m.m.a.RequestMappingHandlerMapping : Mapped "{[/login/register],methods=[POST]}" onto public com.thelittlegym.mobile.entity.Result com.thelittlegym.mobile.controller.LoginCtrl.register(javax.servlet.http.HttpServletRequest,java.lang.String,java.lang.String,java.lang.String,java.lang.String)
2018-03-11 19:53:19.723  INFO 16533 --- [restartedMain] s.w.s.m.m.a.RequestMappingHandlerMapping : Mapped "{[/],methods=[GET]}" onto public java.lang.String com.thelittlegym.mobile.controller.MainCtrl.index()
2018-03-11 19:53:19.725  INFO 16533 --- [restartedMain] s.w.s.m.m.a.RequestMappingHandlerMapping : Mapped "{[/error]}" onto public java.lang.String com.thelittlegym.mobile.controller.MyErrorController.error(javax.servlet.http.HttpServletRequest)
2018-03-11 19:53:19.729  INFO 16533 --- [restartedMain] s.w.s.m.m.a.RequestMappingHandlerMapping : Mapped "{[/index/topic],methods=[GET]}" onto public com.thelittlegym.mobile.entity.Result com.thelittlegym.mobile.controller.UserCtrl.topic(java.lang.String,java.util.Date) throws java.lang.Exception
2018-03-11 19:53:19.729  INFO 16533 --- [restartedMain] s.w.s.m.m.a.RequestMappingHandlerMapping : Mapped "{[/index/share],methods=[GET]}" onto public java.lang.String com.thelittlegym.mobile.controller.UserCtrl.share(javax.servlet.http.HttpServletRequest,org.springframework.ui.Model) throws java.lang.Exception
2018-03-11 19:53:19.730  INFO 16533 --- [restartedMain] s.w.s.m.m.a.RequestMappingHandlerMapping : Mapped "{[/index/myinfo],methods=[GET]}" onto public java.lang.String com.thelittlegym.mobile.controller.UserCtrl.myinfo(com.thelittlegym.mobile.entity.User,java.lang.String,java.lang.String,java.lang.String,java.lang.String,org.springframework.ui.Model) throws java.lang.Exception
2018-03-11 19:53:19.731  INFO 16533 --- [restartedMain] s.w.s.m.m.a.RequestMappingHandlerMapping : Mapped "{[/index/upload],methods=[POST]}" onto public com.thelittlegym.mobile.entity.Result com.thelittlegym.mobile.controller.UserCtrl.getAttend(javax.servlet.http.HttpServletRequest,com.thelittlegym.mobile.entity.User,org.springframework.web.multipart.MultipartFile)
2018-03-11 19:53:19.732  INFO 16533 --- [restartedMain] s.w.s.m.m.a.RequestMappingHandlerMapping : Mapped "{[/index/attend],methods=[GET]}" onto public com.thelittlegym.mobile.entity.Result com.thelittlegym.mobile.controller.UserCtrl.getAttend(javax.servlet.http.HttpServletRequest,com.thelittlegym.mobile.entity.User,java.lang.String,java.lang.String,java.lang.Integer,java.lang.String,java.lang.String,java.lang.Integer)
2018-03-11 19:53:19.732  INFO 16533 --- [restartedMain] s.w.s.m.m.a.RequestMappingHandlerMapping : Mapped "{[/index],methods=[GET]}" onto public java.lang.String com.thelittlegym.mobile.controller.UserCtrl.index(javax.servlet.http.HttpServletRequest,com.thelittlegym.mobile.entity.User,org.springframework.ui.Model) throws java.lang.Exception
2018-03-11 19:53:19.733  INFO 16533 --- [restartedMain] s.w.s.m.m.a.RequestMappingHandlerMapping : Mapped "{[/index/profile]}" onto public com.thelittlegym.mobile.entity.User com.thelittlegym.mobile.controller.UserCtrl.profile(com.thelittlegym.mobile.entity.User) throws java.lang.Exception
2018-03-11 19:53:19.739  INFO 16533 --- [restartedMain] s.w.s.m.m.a.RequestMappingHandlerMapping : Mapped "{[/test/rest],methods=[GET]}" onto public java.lang.String com.thelittlegym.mobile.controller.testCtrl.hello2()
2018-03-11 19:53:19.740  INFO 16533 --- [restartedMain] s.w.s.m.m.a.RequestMappingHandlerMapping : Mapped "{[/test/user],methods=[GET]}" onto private java.util.List<com.thelittlegym.mobile.entity.User> com.thelittlegym.mobile.controller.testCtrl.you()
2018-03-11 19:53:19.740  INFO 16533 --- [restartedMain] s.w.s.m.m.a.RequestMappingHandlerMapping : Mapped "{[/test/admin],methods=[GET]}" onto private com.thelittlegym.mobile.entity.Admin com.thelittlegym.mobile.controller.testCtrl.who()
2018-03-11 19:53:19.741  INFO 16533 --- [restartedMain] s.w.s.m.m.a.RequestMappingHandlerMapping : Mapped "{[/test/tell],methods=[GET]}" onto private java.util.List<com.thelittlegym.mobile.entity.PageLogGroup> com.thelittlegym.mobile.controller.testCtrl.tell()
2018-03-11 19:53:19.741  INFO 16533 --- [restartedMain] s.w.s.m.m.a.RequestMappingHandlerMapping : Mapped "{[/test/say],methods=[GET]}" onto private java.lang.String com.thelittlegym.mobile.controller.testCtrl.say(org.springframework.ui.ModelMap)
2018-03-11 19:53:19.742  INFO 16533 --- [restartedMain] s.w.s.m.m.a.RequestMappingHandlerMapping : Mapped "{[/test/conf],methods=[GET]}" onto private java.lang.String com.thelittlegym.mobile.controller.testCtrl.config()
2018-03-11 19:53:19.742  INFO 16533 --- [restartedMain] s.w.s.m.m.a.RequestMappingHandlerMapping : Mapped "{[/test/test],methods=[GET]}" onto private java.util.List<java.util.HashMap> com.thelittlegym.mobile.controller.testCtrl.test()
2018-03-11 19:53:19.841  INFO 16533 --- [restartedMain] o.s.w.s.handler.SimpleUrlHandlerMapping  : Mapped URL path [/web/**] onto handler of type [class org.springframework.web.servlet.resource.ResourceHttpRequestHandler]
2018-03-11 19:53:19.841  INFO 16533 --- [restartedMain] o.s.w.s.handler.SimpleUrlHandlerMapping  : Mapped URL path [/webjars/**] onto handler of type [class org.springframework.web.servlet.resource.ResourceHttpRequestHandler]
2018-03-11 19:53:19.842  INFO 16533 --- [restartedMain] o.s.w.s.handler.SimpleUrlHandlerMapping  : Mapped URL path [/**] onto handler of type [class org.springframework.web.servlet.resource.ResourceHttpRequestHandler]
2018-03-11 19:53:19.893  INFO 16533 --- [restartedMain] .m.m.a.ExceptionHandlerExceptionResolver : Detected @ExceptionHandler methods in exceptionHandle
2018-03-11 19:53:19.951  INFO 16533 --- [restartedMain] o.s.w.s.handler.SimpleUrlHandlerMapping  : Mapped URL path [/**/favicon.ico] onto handler of type [class org.springframework.web.servlet.resource.ResourceHttpRequestHandler]
2018-03-11 19:53:21.041  INFO 16533 --- [restartedMain] o.s.b.d.a.OptionalLiveReloadServer       : LiveReload server is running on port 35729
2018-03-11 19:53:21.167  INFO 16533 --- [restartedMain] o.s.j.e.a.AnnotationMBeanExporter        : Registering beans for JMX exposure on startup
2018-03-11 19:53:21.231 ERROR 16533 --- [restartedMain] o.a.coyote.http11.Http11NioProtocol      : Failed to start end point associated with ProtocolHandler ["http-nio-88"]

java.net.SocketException: 权限不够
	at sun.nio.ch.Net.bind0(Native Method)
	at sun.nio.ch.Net.bind(Net.java:433)
	at sun.nio.ch.Net.bind(Net.java:425)
	at sun.nio.ch.ServerSocketChannelImpl.bind(ServerSocketChannelImpl.java:223)
	at sun.nio.ch.ServerSocketAdaptor.bind(ServerSocketAdaptor.java:74)
	at org.apache.tomcat.util.net.NioEndpoint.bind(NioEndpoint.java:210)
	at org.apache.tomcat.util.net.AbstractEndpoint.start(AbstractEndpoint.java:990)
	at org.apache.coyote.AbstractProtocol.start(AbstractProtocol.java:635)
	at org.apache.catalina.connector.Connector.startInternal(Connector.java:1022)
	at org.apache.catalina.util.LifecycleBase.start(LifecycleBase.java:150)
	at org.apache.catalina.core.StandardService.addConnector(StandardService.java:225)
	at org.springframework.boot.context.embedded.tomcat.TomcatEmbeddedServletContainer.addPreviouslyRemovedConnectors(TomcatEmbeddedServletContainer.java:250)
	at org.springframework.boot.context.embedded.tomcat.TomcatEmbeddedServletContainer.start(TomcatEmbeddedServletContainer.java:193)
	at org.springframework.boot.context.embedded.EmbeddedWebApplicationContext.startEmbeddedServletContainer(EmbeddedWebApplicationContext.java:297)
	at org.springframework.boot.context.embedded.EmbeddedWebApplicationContext.finishRefresh(EmbeddedWebApplicationContext.java:145)
	at org.springframework.context.support.AbstractApplicationContext.refresh(AbstractApplicationContext.java:546)
	at org.springframework.boot.context.embedded.EmbeddedWebApplicationContext.refresh(EmbeddedWebApplicationContext.java:122)
	at org.springframework.boot.SpringApplication.refresh(SpringApplication.java:693)
	at org.springframework.boot.SpringApplication.refreshContext(SpringApplication.java:360)
	at org.springframework.boot.SpringApplication.run(SpringApplication.java:303)
	at org.springframework.boot.SpringApplication.run(SpringApplication.java:1118)
	at org.springframework.boot.SpringApplication.run(SpringApplication.java:1107)
	at com.thelittlegym.mobile.MemberApplication.main(MemberApplication.java:24)
	at sun.reflect.NativeMethodAccessorImpl.invoke0(Native Method)
	at sun.reflect.NativeMethodAccessorImpl.invoke(NativeMethodAccessorImpl.java:62)
	at sun.reflect.DelegatingMethodAccessorImpl.invoke(DelegatingMethodAccessorImpl.java:43)
	at java.lang.reflect.Method.invoke(Method.java:498)
	at org.springframework.boot.devtools.restart.RestartLauncher.run(RestartLauncher.java:49)

2018-03-11 19:53:21.233 ERROR 16533 --- [restartedMain] o.apache.catalina.core.StandardService   : Failed to start connector [Connector[HTTP/1.1-88]]

org.apache.catalina.LifecycleException: Failed to start component [Connector[HTTP/1.1-88]]
	at org.apache.catalina.util.LifecycleBase.start(LifecycleBase.java:167)
	at org.apache.catalina.core.StandardService.addConnector(StandardService.java:225)
	at org.springframework.boot.context.embedded.tomcat.TomcatEmbeddedServletContainer.addPreviouslyRemovedConnectors(TomcatEmbeddedServletContainer.java:250)
	at org.springframework.boot.context.embedded.tomcat.TomcatEmbeddedServletContainer.start(TomcatEmbeddedServletContainer.java:193)
	at org.springframework.boot.context.embedded.EmbeddedWebApplicationContext.startEmbeddedServletContainer(EmbeddedWebApplicationContext.java:297)
	at org.springframework.boot.context.embedded.EmbeddedWebApplicationContext.finishRefresh(EmbeddedWebApplicationContext.java:145)
	at org.springframework.context.support.AbstractApplicationContext.refresh(AbstractApplicationContext.java:546)
	at org.springframework.boot.context.embedded.EmbeddedWebApplicationContext.refresh(EmbeddedWebApplicationContext.java:122)
	at org.springframework.boot.SpringApplication.refresh(SpringApplication.java:693)
	at org.springframework.boot.SpringApplication.refreshContext(SpringApplication.java:360)
	at org.springframework.boot.SpringApplication.run(SpringApplication.java:303)
	at org.springframework.boot.SpringApplication.run(SpringApplication.java:1118)
	at org.springframework.boot.SpringApplication.run(SpringApplication.java:1107)
	at com.thelittlegym.mobile.MemberApplication.main(MemberApplication.java:24)
	at sun.reflect.NativeMethodAccessorImpl.invoke0(Native Method)
	at sun.reflect.NativeMethodAccessorImpl.invoke(NativeMethodAccessorImpl.java:62)
	at sun.reflect.DelegatingMethodAccessorImpl.invoke(DelegatingMethodAccessorImpl.java:43)
	at java.lang.reflect.Method.invoke(Method.java:498)
	at org.springframework.boot.devtools.restart.RestartLauncher.run(RestartLauncher.java:49)
Caused by: org.apache.catalina.LifecycleException: service.getName(): "Tomcat";  Protocol handler start failed
	at org.apache.catalina.connector.Connector.startInternal(Connector.java:1029)
	at org.apache.catalina.util.LifecycleBase.start(LifecycleBase.java:150)
	... 18 common frames omitted
Caused by: java.net.SocketException: 权限不够
	at sun.nio.ch.Net.bind0(Native Method)
	at sun.nio.ch.Net.bind(Net.java:433)
	at sun.nio.ch.Net.bind(Net.java:425)
	at sun.nio.ch.ServerSocketChannelImpl.bind(ServerSocketChannelImpl.java:223)
	at sun.nio.ch.ServerSocketAdaptor.bind(ServerSocketAdaptor.java:74)
	at org.apache.tomcat.util.net.NioEndpoint.bind(NioEndpoint.java:210)
	at org.apache.tomcat.util.net.AbstractEndpoint.start(AbstractEndpoint.java:990)
	at org.apache.coyote.AbstractProtocol.start(AbstractProtocol.java:635)
	at org.apache.catalina.connector.Connector.startInternal(Connector.java:1022)
	... 19 common frames omitted

2018-03-11 19:53:21.255  INFO 16533 --- [restartedMain] o.apache.catalina.core.StandardService   : Stopping service [Tomcat]
2018-03-11 19:53:21.323  INFO 16533 --- [restartedMain] utoConfigurationReportLoggingInitializer : 

Error starting ApplicationContext. To display the auto-configuration report re-run your application with 'debug' enabled.
2018-03-11 19:53:21.337 ERROR 16533 --- [restartedMain] o.s.b.d.LoggingFailureAnalysisReporter   : 

***************************
APPLICATION FAILED TO START
***************************

Description:

The Tomcat connector configured to listen on port 88 failed to start. The port may already be in use or the connector may be misconfigured.

Action:

Verify the connector's configuration, identify and stop any process that's listening on port 88, or configure this application to listen on another port.

2018-03-11 19:53:21.340  INFO 16533 --- [restartedMain] ationConfigEmbeddedWebApplicationContext : Closing org.springframework.boot.context.embedded.AnnotationConfigEmbeddedWebApplicationContext@12c11c92: startup date [Sun Mar 11 19:53:02 CST 2018]; root of context hierarchy
2018-03-11 19:53:21.350  INFO 16533 --- [restartedMain] o.s.j.e.a.AnnotationMBeanExporter        : Unregistering JMX-exposed beans on shutdown
2018-03-11 19:53:21.368  INFO 16533 --- [restartedMain] j.LocalContainerEntityManagerFactoryBean : Closing JPA EntityManagerFactory for persistence unit 'default'
